<?xml version="1.0" encoding="UTF-8"?>
<!-- Generated by org.testng.reporters.JUnitReportReporter -->
<testsuite hostname="c2611" name="Lesson_2.Test_1" tests="1" failures="0" timestamp="27 Jul 2015 17:40:55 GMT" time="0.003" errors="0">
  <testcase name="Example" time="0.003" classname="Lesson_2.Test_1"/>
</testsuite> <!-- Lesson_2.Test_1 -->
