<?xml version="1.0" encoding="UTF-8"?>
<!-- Generated by org.testng.reporters.JUnitReportReporter -->
<testsuite hostname="c2611" name="Lesson_2.Test_1" tests="1" failures="0" timestamp="20 Jul 2015 18:24:18 GMT" time="0.013" errors="0">
  <testcase name="Example" time="0.013" classname="Lesson_2.Test_1"/>
</testsuite> <!-- Lesson_2.Test_1 -->
