<?xml version="1.0" encoding="UTF-8"?>
<!-- Generated by org.testng.reporters.JUnitReportReporter -->
<testsuite hostname="c2611" name="ui_tests.Lesson_5.GoogleTest" tests="1" failures="0" timestamp="12 Aug 2015 17:41:22 GMT" time="1.212" errors="0">
  <testcase name="seleniumSearchTest" time="1.212" classname="ui_tests.Lesson_5.GoogleTest"/>
</testsuite> <!-- ui_tests.Lesson_5.GoogleTest -->
