<?xml version="1.0" encoding="UTF-8"?>
<!-- Generated by org.testng.reporters.JUnitReportReporter -->
<testsuite hostname="Hasler-ПК" name="Lesson_2.Test_1" tests="1" failures="0" timestamp="23 Jul 2015 05:24:59 GMT" time="0.009" errors="0">
  <testcase name="Example" time="0.009" classname="Lesson_2.Test_1"/>
</testsuite> <!-- Lesson_2.Test_1 -->
