<?xml version="1.0" encoding="UTF-8"?>
<!-- Generated by org.testng.reporters.JUnitReportReporter -->
<testsuite hostname="c2611" name="ui_tests.Lesson_2.Test_1" tests="1" failures="0" timestamp="12 Aug 2015 17:41:22 GMT" time="0.004" errors="0">
  <testcase name="Example" time="0.004" classname="ui_tests.Lesson_2.Test_1"/>
</testsuite> <!-- ui_tests.Lesson_2.Test_1 -->
